INFO: [VRFC 10-163] Analyzing VHDL file "C:/Users/induw/OneDrive - University of Moratuwa/Desktop/NanoProcessor/NanoProcessor.srcs/sources_1/new/ADDER_3bit.vhd" into library xil_defaultlib
INFO: [VRFC 10-307] analyzing entity ADDER_3bit
INFO: [VRFC 10-163] Analyzing VHDL file "C:/Users/induw/OneDrive - University of Moratuwa/Desktop/NanoProcessor/NanoProcessor.srcs/sources_1/new/ADDER_SUBTRACTOR.vhd" into library xil_defaultlib
INFO: [VRFC 10-307] analyzing entity ADDER_SUBTRACTOR
INFO: [VRFC 10-163] Analyzing VHDL file "C:/Users/induw/OneDrive - University of Moratuwa/Desktop/NanoProcessor/NanoProcessor.srcs/sources_1/new/D_FF.vhd" into library xil_defaultlib
INFO: [VRFC 10-307] analyzing entity D_FF
INFO: [VRFC 10-163] Analyzing VHDL file "C:/Users/induw/OneDrive - University of Moratuwa/Desktop/NanoProcessor/NanoProcessor.srcs/sources_1/new/Decoder_2_to_4.vhd" into library xil_defaultlib
INFO: [VRFC 10-307] analyzing entity Decoder_2_to_4
INFO: [VRFC 10-163] Analyzing VHDL file "C:/Users/induw/OneDrive - University of Moratuwa/Desktop/NanoProcessor/NanoProcessor.srcs/sources_1/new/Decoder_3_to_8.vhd" into library xil_defaultlib
INFO: [VRFC 10-307] analyzing entity Decoder_3_to_8
INFO: [VRFC 10-163] Analyzing VHDL file "C:/Users/induw/OneDrive - University of Moratuwa/Desktop/NanoProcessor/NanoProcessor.srcs/sources_1/new/FA.vhd" into library xil_defaultlib
INFO: [VRFC 10-307] analyzing entity FA
INFO: [VRFC 10-163] Analyzing VHDL file "C:/Users/induw/OneDrive - University of Moratuwa/Desktop/NanoProcessor/NanoProcessor.srcs/sources_1/new/HA.vhd" into library xil_defaultlib
INFO: [VRFC 10-307] analyzing entity HA
INFO: [VRFC 10-163] Analyzing VHDL file "C:/Users/induw/OneDrive - University of Moratuwa/Desktop/NanoProcessor/NanoProcessor.srcs/sources_1/new/INSTRUCTION_DECODER.vhd" into library xil_defaultlib
INFO: [VRFC 10-307] analyzing entity INSTRUCTION_DECODER
INFO: [VRFC 10-163] Analyzing VHDL file "C:/Users/induw/OneDrive - University of Moratuwa/Desktop/NanoProcessor/NanoProcessor.srcs/sources_1/new/MUX_2way_3bit.vhd" into library xil_defaultlib
INFO: [VRFC 10-307] analyzing entity MUX_2way_3bit
INFO: [VRFC 10-163] Analyzing VHDL file "C:/Users/induw/OneDrive - University of Moratuwa/Desktop/NanoProcessor/NanoProcessor.srcs/sources_1/new/MUX_2way_4bit.vhd" into library xil_defaultlib
INFO: [VRFC 10-307] analyzing entity MUX_2way_4bit
INFO: [VRFC 10-163] Analyzing VHDL file "C:/Users/induw/OneDrive - University of Moratuwa/Desktop/NanoProcessor/NanoProcessor.srcs/sources_1/new/MUX_8_to_1.vhd" into library xil_defaultlib
INFO: [VRFC 10-307] analyzing entity MUX_8_to_1
INFO: [VRFC 10-163] Analyzing VHDL file "C:/Users/induw/OneDrive - University of Moratuwa/Desktop/NanoProcessor/NanoProcessor.srcs/sources_1/new/MUX_8way_4bit.vhd" into library xil_defaultlib
INFO: [VRFC 10-307] analyzing entity MUX_8way_4bit
INFO: [VRFC 10-163] Analyzing VHDL file "C:/Users/induw/OneDrive - University of Moratuwa/Desktop/NanoProcessor/NanoProcessor.srcs/sources_1/new/NANO_PROCESSOR.vhd" into library xil_defaultlib
INFO: [VRFC 10-307] analyzing entity NANO_PROCESSOR
INFO: [VRFC 10-163] Analyzing VHDL file "C:/Users/induw/OneDrive - University of Moratuwa/Desktop/NanoProcessor/NanoProcessor.srcs/sources_1/new/PC.vhd" into library xil_defaultlib
INFO: [VRFC 10-307] analyzing entity PC
INFO: [VRFC 10-163] Analyzing VHDL file "C:/Users/induw/OneDrive - University of Moratuwa/Desktop/NanoProcessor/NanoProcessor.srcs/sources_1/new/REGISTER_BANK.vhd" into library xil_defaultlib
INFO: [VRFC 10-307] analyzing entity REGISTER_BANK
INFO: [VRFC 10-163] Analyzing VHDL file "C:/Users/induw/OneDrive - University of Moratuwa/Desktop/NanoProcessor/NanoProcessor.srcs/sources_1/new/ROM.vhd" into library xil_defaultlib
INFO: [VRFC 10-307] analyzing entity ROM
INFO: [VRFC 10-163] Analyzing VHDL file "C:/Users/induw/OneDrive - University of Moratuwa/Desktop/NanoProcessor/NanoProcessor.srcs/sources_1/new/Reg_4_bit.vhd" into library xil_defaultlib
INFO: [VRFC 10-307] analyzing entity Reg_4_bit
INFO: [VRFC 10-163] Analyzing VHDL file "C:/Users/induw/OneDrive - University of Moratuwa/Desktop/NanoProcessor/NanoProcessor.srcs/sources_1/new/Tri_State_Buff.vhd" into library xil_defaultlib
INFO: [VRFC 10-307] analyzing entity Tri_State_Buff
INFO: [VRFC 10-163] Analyzing VHDL file "C:/Users/induw/OneDrive - University of Moratuwa/Desktop/NanoProcessor/NanoProcessor.srcs/sim_1/new/TB_NANO_PROCESSOR.vhd" into library xil_defaultlib
INFO: [VRFC 10-307] analyzing entity TB_NANO_PROCESSOR
